\BOOKMARK [0][-]{part.1}{\376\377\000I\000\040\000C\000r\000i\000t\000i\000c\000a\000l\000\040\000M\000a\000s\000s\000\040\000o\000f\000\040\000t\000h\000e\000\040\000L\000o\000c\000a\000l\000\040\000B\000i\000g\000\040\000B\000a\000n\000g}{}% 1
\BOOKMARK [1][-]{section.1}{\376\377\000I\000n\000t\000r\000o\000d\000u\000c\000t\000i\000o\000n}{part.1}% 2
\BOOKMARK [1][-]{section.2}{\376\377\000P\000o\000s\000t\000u\000l\000a\000t\000e\000s\000\040\000o\000f\000\040\000Y\000U\000C\000T}{part.1}% 3
\BOOKMARK [2][-]{subsection.2.1}{\376\377\000C\000o\000o\000r\000d\000i\000n\000a\000t\000i\000o\000n\000\040\000E\000f\000f\000i\000c\000i\000e\000n\000c\000y\000\040\000a\000n\000d\000\040\000t\000h\000e\000\040\000Y\000P\000S\000D\000C\000\040\000P\000r\000o\000t\000o\000c\000o\000l}{section.2}% 4
\BOOKMARK [2][-]{subsection.2.2}{\376\377\000U\000n\000i\000v\000e\000r\000s\000a\000l\000\040\000E\000r\000r\000o\000r\040\021\000S\000c\000a\000l\000i\000n\000g\000\040\000L\000a\000w}{section.2}% 5
\BOOKMARK [2][-]{subsection.2.3}{\376\377\000A\000l\000g\000e\000b\000r\000a\000i\000c\000\040\000L\000o\000o\000p\000\040\000a\000n\000d\000\040\000F\000u\000n\000d\000a\000m\000e\000n\000t\000a\000l\000\040\000S\000c\000a\000l\000e\000s}{section.2}% 6
\BOOKMARK [2][-]{subsection.2.4}{\376\377\000F\000r\000a\000c\000t\000a\000l\000\040\000D\000i\000m\000e\000n\000s\000i\000o\000n\000\040\000f\000r\000o\000m\000\040\000I\000n\000f\000o\000r\000m\000a\000t\000i\000o\000n\000\040\000S\000a\000t\000u\000r\000a\000t\000i\000o\000n}{section.2}% 7
\BOOKMARK [2][-]{subsection.2.5}{\376\377\000D\000e\000r\000i\000v\000a\000t\000i\000o\000n\000\040\000o\000f\000\040\000t\000h\000e\000\040\000S\000c\000a\000l\000i\000n\000g\000\040\000L\000a\000w\000\040\000K\000e\000f\000f\000\040\000R\000d\000f\000/\0002}{section.2}% 8
\BOOKMARK [2][-]{subsection.2.6}{\376\377\000E\000x\000a\000c\000t\000\040\000D\000e\000r\000i\000v\000a\000t\000i\000o\000n\000\040\000o\000f\000\040\000t\000h\000e\000\040\000M\000a\000c\000r\000o\000s\000c\000o\000p\000i\000c\000\040\000C\000r\000i\000t\000i\000c\000a\000l\000\040\000M\000a\000s\000s\000\040\000f\000o\000r\000\040\000a\000\040\000L\000o\000c\000a\000l\000\040\000B\000i\000g\000\040\000B\000a\000n\000g}{section.2}% 9
\BOOKMARK [3][-]{subsubsection.2.6.1}{\376\377\000T\000h\000e\000\040\000G\000l\000o\000b\000a\000l\000\040\000C\000o\000n\000s\000t\000r\000a\000i\000n\000t\000\040\000f\000r\000o\000m\000\040\000C\000o\000s\000m\000i\000c\000\040\000R\000o\000t\000a\000t\000i\000o\000n}{subsection.2.6}% 10
\BOOKMARK [3][-]{subsubsection.2.6.2}{\376\377\000C\000r\000i\000t\000i\000c\000a\000l\000\040\000C\000o\000n\000d\000i\000t\000i\000o\000n\000\040\000f\000o\000r\000\040\000a\000\040\000L\000o\000c\000a\000l\000\040\000P\000h\000a\000s\000e\000\040\000T\000r\000a\000n\000s\000i\000t\000i\000o\000n}{subsection.2.6}% 11
\BOOKMARK [3][-]{subsubsection.2.6.3}{\376\377\000F\000a\000l\000s\000i\000f\000i\000a\000b\000l\000e\000\040\000O\000b\000s\000e\000r\000v\000a\000t\000i\000o\000n\000a\000l\000\040\000P\000r\000e\000d\000i\000c\000t\000i\000o\000n\000s}{subsection.2.6}% 12
\BOOKMARK [1][-]{section.3}{\376\377\000C\000r\000i\000t\000i\000c\000a\000l\000\040\000C\000o\000n\000d\000i\000t\000i\000o\000n\000\040\000f\000o\000r\000\040\000t\000h\000e\000\040\000P\000h\000a\000s\000e\000\040\000T\000r\000a\000n\000s\000i\000t\000i\000o\000n}{part.1}% 13
\BOOKMARK [1][-]{section.4}{\376\377\000D\000e\000r\000i\000v\000a\000t\000i\000o\000n\000\040\000o\000f\000\040\000t\000h\000e\000\040\000C\000r\000i\000t\000i\000c\000a\000l\000\040\000M\000a\000s\000s}{part.1}% 14
\BOOKMARK [1][-]{section.5}{\376\377\000V\000a\000l\000i\000d\000i\000t\000y\000\040\000o\000f\000\040\000t\000h\000e\000\040\000S\000c\000h\000w\000a\000r\000z\000s\000c\000h\000i\000l\000d\000\040\000R\000a\000d\000i\000u\000s\000\040\000a\000t\000\040\000P\000l\000a\000n\000c\000k\000\040\000S\000c\000a\000l\000e\000s}{part.1}% 15
\BOOKMARK [0][-]{part.2}{\376\377\000I\000I\000\040\000T\000h\000e\000\040\000M\000c\000r\000i\000t\040\023\000M\000u\000n\000i\000v\000\040\000R\000e\000l\000a\000t\000i\000o\000n\000\040\000a\000n\000d\000\040\000C\000o\000s\000m\000i\000c\000\040\000H\000i\000e\000r\000a\000r\000c\000h\000y}{}% 16
\BOOKMARK [1][-]{section.6}{\376\377\000T\000h\000e\000\040\000M\000c\000r\000i\000t\040\023\000M\000u\000n\000i\000v\000\040\000R\000e\000l\000a\000t\000i\000o\000n\000:\000\040\000A\000\040\000T\000h\000i\000r\000d\000\040\000I\000n\000d\000e\000p\000e\000n\000d\000e\000n\000t\000\040\000T\000e\000s\000t\000\040\000o\000f\000\040\000t\000h\000e\000\040\000A\000l\000g\000e\000b\000r\000a\000i\000c\000\040\000L\000o\000o\000p}{part.2}% 17
\BOOKMARK [2][-]{subsection.6.1}{\376\377\000M\000a\000s\000s\000\040\000o\000f\000\040\000t\000h\000e\000\040\000O\000b\000s\000e\000r\000v\000a\000b\000l\000e\000\040\000U\000n\000i\000v\000e\000r\000s\000e\000\040\000f\000r\000o\000m\000\040\000G\000l\000o\000b\000a\000l\000\040\000R\000o\000t\000a\000t\000i\000o\000n}{section.6}% 18
\BOOKMARK [2][-]{subsection.6.2}{\376\377\000D\000i\000s\000t\000r\000i\000b\000u\000t\000i\000o\000n\000\040\000o\000f\000\040\000E\000n\000e\000r\000g\000y\000\040\000b\000e\000t\000w\000e\000e\000n\000\040\000M\000a\000t\000t\000e\000r\000\040\000a\000n\000d\000\040\000D\000a\000r\000k\000\040\000E\000n\000e\000r\000g\000y\000\040\000i\000n\000\040\000Y\000U\000C\000T}{section.6}% 19
\BOOKMARK [2][-]{subsection.6.3}{\376\377\000M\000a\000s\000s\000\040\000o\000f\000\040\000M\000a\000t\000t\000e\000r\000\040\000i\000n\000\040\000t\000h\000e\000\040\000U\000n\000i\000v\000e\000r\000s\000e\000\040\000f\000r\000o\000m\000\040\000Y\000U\000C\000T}{section.6}% 20
\BOOKMARK [2][-]{subsection.6.4}{\376\377\000T\000h\000e\000\040\000R\000a\000t\000i\000o\000\040\000M\000u\000n\000i\000v\000\040\000/\000\040\000M\000c\000r\000i\000t\000\040\000i\000n\000\040\000Y\000U\000C\000T}{section.6}% 21
\BOOKMARK [2][-]{subsection.6.5}{\376\377\000D\000i\000s\000c\000u\000s\000s\000i\000o\000n\000\040\000o\000f\000\040\000t\000h\000e\000\040\0001\0002\000\045\000\040\000D\000i\000s\000c\000r\000e\000p\000a\000n\000c\000y}{section.6}% 22
\BOOKMARK [2][-]{subsection.6.6}{\376\377\000C\000o\000n\000c\000l\000u\000s\000i\000o\000n\000\040\000o\000f\000\040\000t\000h\000e\000\040\000T\000h\000i\000r\000d\000\040\000T\000e\000s\000t}{section.6}% 23
\BOOKMARK [2][-]{subsection.6.7}{\376\377\000C\000o\000n\000n\000e\000c\000t\000i\000o\000n\000\040\000t\000o\000\040\000S\000t\000e\000l\000l\000a\000r\000\040\000P\000h\000a\000s\000e\000\040\000T\000r\000a\000n\000s\000i\000t\000i\000o\000n\000s\000\040\000a\000n\000d\000\040\000C\000r\000i\000t\000i\000c\000a\000l\000\040\000R\000o\000t\000a\000t\000i\000o\000n}{section.6}% 24
\BOOKMARK [0][-]{part.3}{\376\377\000I\000I\000I\000\040\000C\000o\000s\000m\000o\000l\000o\000g\000i\000c\000a\000l\000\040\000I\000n\000f\000l\000a\000t\000i\000o\000n\000\040\000a\000s\000\040\000a\000\040\000C\000o\000o\000r\000d\000i\000n\000a\000t\000i\000o\000n\000\040\000P\000h\000a\000s\000e\000\040\000T\000r\000a\000n\000s\000i\000t\000i\000o\000n}{}% 25
\BOOKMARK [1][-]{section.7}{\376\377\000I\000n\000t\000r\000o\000d\000u\000c\000t\000i\000o\000n\000\040\000t\000o\000\040\000Y\000U\000C\000T\000\040\000I\000n\000f\000l\000a\000t\000i\000o\000n}{part.3}% 26
\BOOKMARK [1][-]{section.8}{\376\377\000T\000h\000e\000\040\000C\000o\000o\000r\000d\000i\000n\000a\000t\000i\000o\000n\000\040\000F\000i\000e\000l\000d\000\040\000a\000n\000d\000\040\0001\0009\040\021\000D\000i\000m\000e\000n\000s\000i\000o\000n\000a\000l\000\040\000G\000e\000o\000m\000e\000t\000r\000y}{part.3}% 27
\BOOKMARK [2][-]{subsection.8.1}{\376\377\000E\000m\000b\000e\000d\000d\000i\000n\000g\000\040\000i\000n\000\040\000t\000h\000e\000\040\000F\000u\000l\000l\000\040\0001\0009\000\040\000-\000\040\000D\000i\000m\000e\000n\000s\000i\000o\000n\000a\000l\000\040\000L\000a\000g\000r\000a\000n\000g\000i\000a\000n}{section.8}% 28
\BOOKMARK [1][-]{section.9}{\376\377\000E\000f\000f\000e\000c\000t\000i\000v\000e\000\040\000P\000o\000t\000e\000n\000t\000i\000a\000l\000\040\000a\000n\000d\000\040\000S\000l\000o\000w\000\040\000R\000o\000l\000l}{part.3}% 29
\BOOKMARK [2][-]{subsection.9.1}{\376\377\000D\000e\000r\000i\000v\000a\000t\000i\000o\000n\000\040\000f\000r\000o\000m\000\040\000t\000h\000e\000\040\000F\000u\000l\000l\000\040\000L\000a\000g\000r\000a\000n\000g\000i\000a\000n}{section.9}% 30
\BOOKMARK [1][-]{section.10}{\376\377\000F\000r\000a\000c\000t\000a\000l\000\040\000E\000r\000r\000o\000r\000\040\000S\000c\000a\000l\000i\000n\000g\000\040\000a\000n\000d\000\040\000I\000t\000s\000\040\000R\000o\000l\000e}{part.3}% 31
\BOOKMARK [2][-]{subsection.10.1}{\376\377\000C\000o\000n\000n\000e\000c\000t\000i\000o\000n\000\040\000t\000o\000\040\000t\000h\000e\000\040\000F\000u\000l\000l\000\040\000L\000a\000g\000r\000a\000n\000g\000i\000a\000n}{section.10}% 32
\BOOKMARK [1][-]{section.11}{\376\377\000S\000p\000e\000c\000t\000r\000a\000l\000\040\000I\000n\000d\000e\000x\000\040\000a\000n\000d\000\040\000T\000e\000n\000s\000o\000r\040\021\000t\000o\040\021\000S\000c\000a\000l\000a\000r\000\040\000R\000a\000t\000i\000o}{part.3}% 33
\BOOKMARK [1][-]{section.12}{\376\377\000U\000n\000i\000q\000u\000e\000\040\000O\000b\000s\000e\000r\000v\000a\000t\000i\000o\000n\000a\000l\000\040\000S\000i\000g\000n\000a\000t\000u\000r\000e\000s\000\040\000o\000f\000\040\000Y\000U\000C\000T\000\040\000I\000n\000f\000l\000a\000t\000i\000o\000n}{part.3}% 34
\BOOKMARK [2][-]{subsection.12.1}{\376\377\000F\000i\000x\000e\000d\000\040\000L\000o\000c\000a\000l\000\040\000N\000o\000n\040\021\000G\000a\000u\000s\000s\000i\000a\000n\000i\000t\000y}{section.12}% 35
\BOOKMARK [2][-]{subsection.12.2}{\376\377\000R\000e\000l\000a\000t\000i\000o\000n\000\040\000B\000e\000t\000w\000e\000e\000n\000\040\000f\000N\000L\000\040\000a\000n\000d\000\040\000r}{section.12}% 36
\BOOKMARK [2][-]{subsection.12.3}{\376\377\000S\000h\000a\000p\000e\000\040\000o\000f\000\040\000t\000h\000e\000\040\000B\000i\000s\000p\000e\000c\000t\000r\000u\000m}{section.12}% 37
\BOOKMARK [2][-]{subsection.12.4}{\376\377\000O\000s\000c\000i\000l\000l\000a\000t\000i\000o\000n\000s\000\040\000i\000n\000\040\000t\000h\000e\000\040\000T\000e\000n\000s\000o\000r\000\040\000P\000o\000w\000e\000r\000\040\000S\000p\000e\000c\000t\000r\000u\000m}{section.12}% 38
\BOOKMARK [2][-]{subsection.12.5}{\376\377\000C\000o\000r\000r\000e\000l\000a\000t\000i\000o\000n\000\040\000w\000i\000t\000h\000\040\000D\000a\000r\000k\000\040\000M\000a\000t\000t\000e\000r\000\040\000P\000r\000o\000p\000e\000r\000t\000i\000e\000s}{section.12}% 39
\BOOKMARK [1][-]{section.13}{\376\377\000P\000o\000s\000t\000-\000I\000n\000f\000l\000a\000t\000i\000o\000n\000a\000r\000y\000\040\000D\000y\000n\000a\000m\000i\000c\000s\000:\000\040\000C\000o\000n\000d\000e\000n\000s\000a\000t\000i\000o\000n\000\040\000a\000n\000d\000\040\000M\000a\000t\000t\000e\000r\000\040\000G\000e\000n\000e\000r\000a\000t\000i\000o\000n}{part.3}% 40
\BOOKMARK [1][-]{section.14}{\376\377\000C\000o\000m\000p\000a\000r\000i\000s\000o\000n\000\040\000w\000i\000t\000h\000\040\000P\000l\000a\000n\000c\000k\000\040\000D\000a\000t\000a\000\040\000a\000n\000d\000\040\000P\000r\000e\000d\000i\000c\000t\000i\000o\000n\000s\000\040\000f\000o\000r\000\040\000F\000u\000t\000u\000r\000e\000\040\000E\000x\000p\000e\000r\000i\000m\000e\000n\000t\000s}{part.3}% 41
\BOOKMARK [1][-]{section.15}{\376\377\000E\000x\000p\000e\000r\000i\000m\000e\000n\000t\000a\000l\000\040\000T\000e\000s\000t\000s\000:\000\040\000C\000o\000s\000m\000i\000c\000\040\000M\000i\000c\000r\000o\000w\000a\000v\000e\000\040\000B\000a\000c\000k\000g\000r\000o\000u\000n\000d\000\040\000a\000n\000d\000\040\000G\000r\000a\000v\000i\000t\000a\000t\000i\000o\000n\000a\000l\000\040\000W\000a\000v\000e\000s}{part.3}% 42
\BOOKMARK [1][-]{section.16}{\376\377\000C\000o\000n\000c\000l\000u\000s\000i\000o\000n\000\040\000o\000f\000\040\000P\000a\000r\000t\000\040\000I\000I\000I}{part.3}% 43
\BOOKMARK [1][-]{appendix.A}{\376\377\000P\000e\000r\000t\000u\000r\000b\000a\000t\000i\000o\000n\000\040\000T\000h\000e\000o\000r\000y\000\040\000o\000f\000\040\000t\000h\000e\000\040\000C\000o\000o\000r\000d\000i\000n\000a\000t\000i\000o\000n\000\040\000F\000i\000e\000l\000d\000\040\000a\000n\000d\000\040\000D\000e\000r\000i\000v\000a\000t\000i\000o\000n\000\040\000o\000f\000\040\000=\000\040\0002}{part.3}% 44
\BOOKMARK [0][-]{part.4}{\376\377\000I\000V\000\040\000T\000h\000e\000\040\000G\000l\000o\000b\000a\000l\000\040\000R\000o\000t\000a\000t\000i\000o\000n\000\040\000o\000f\000\040\000t\000h\000e\000\040\000U\000n\000i\000v\000e\000r\000s\000e\000\040\000a\000n\000d\000\040\000I\000t\000s\000\040\000N\000e\000w\000\040\000M\000i\000n\000i\000m\000u\000m\000\040\000A\000g\000e}{}% 45
\BOOKMARK [1][-]{appendix.B}{\376\377\000I\000n\000t\000r\000o\000d\000u\000c\000t\000i\000o\000n\000:\000\040\000T\000h\000e\000\040\000K\000i\000n\000e\000m\000a\000t\000i\000c\000\040\000D\000i\000p\000o\000l\000e\000\040\000a\000s\000\040\000a\000\040\000C\000o\000s\000m\000i\000c\000\040\000C\000l\000o\000c\000k}{part.4}% 46
\BOOKMARK [1][-]{appendix.C}{\376\377\000O\000b\000s\000e\000r\000v\000a\000t\000i\000o\000n\000a\000l\000\040\000E\000v\000i\000d\000e\000n\000c\000e\000\040\000f\000o\000r\000\040\000a\000\040\000G\000r\000o\000w\000i\000n\000g\000\040\000D\000i\000p\000o\000l\000e\000\040\000w\000i\000t\000h\000\040\000R\000e\000d\000s\000h\000i\000f\000t}{part.4}% 47
\BOOKMARK [1][-]{appendix.D}{\376\377\000T\000h\000e\000\040\000C\000o\000n\000s\000i\000s\000t\000e\000n\000c\000y\000\040\000o\000f\000\040\000D\000i\000p\000o\000l\000e\000\040\000D\000i\000r\000e\000c\000t\000i\000o\000n\000\040\000a\000n\000d\000\040\000A\000m\000p\000l\000i\000t\000u\000d\000e\000\040\000A\000c\000r\000o\000s\000s\000\040\000S\000u\000r\000v\000e\000y\000s}{part.4}% 48
\BOOKMARK [2][-]{subsection.D.1}{\376\377\000U\000n\000i\000v\000e\000r\000s\000a\000l\000\040\000D\000i\000r\000e\000c\000t\000i\000o\000n}{appendix.D}% 49
\BOOKMARK [2][-]{subsection.D.2}{\376\377\000G\000r\000o\000w\000t\000h\000\040\000o\000f\000\040\000D\000i\000p\000o\000l\000e\000\040\000A\000m\000p\000l\000i\000t\000u\000d\000e\000\040\000w\000i\000t\000h\000\040\000R\000e\000d\000s\000h\000i\000f\000t}{appendix.D}% 50
\BOOKMARK [2][-]{subsection.D.3}{\376\377\000S\000t\000a\000t\000i\000s\000t\000i\000c\000a\000l\000\040\000S\000i\000g\000n\000i\000f\000i\000c\000a\000n\000c\000e\000\040\000o\000f\000\040\000t\000h\000e\000\040\000C\000o\000m\000b\000i\000n\000e\000d\000\040\000E\000v\000i\000d\000e\000n\000c\000e}{appendix.D}% 51
\BOOKMARK [2][-]{subsection.D.4}{\376\377\000R\000u\000l\000i\000n\000g\000\040\000O\000u\000t\000\040\000S\000y\000s\000t\000e\000m\000a\000t\000i\000c\000\040\000E\000x\000p\000l\000a\000n\000a\000t\000i\000o\000n\000s}{appendix.D}% 52
\BOOKMARK [2][-]{subsection.D.5}{\376\377\000C\000o\000n\000n\000e\000c\000t\000i\000o\000n\000\040\000t\000o\000\040\000Y\000U\000C\000T}{appendix.D}% 53
\BOOKMARK [1][-]{appendix.E}{\376\377\000T\000h\000e\000o\000r\000e\000t\000i\000c\000a\000l\000\040\000F\000r\000a\000m\000e\000w\000o\000r\000k\000:\000\040\000L\000o\000c\000a\000l\000\040\000M\000o\000t\000i\000o\000n\000\040\000+\000\040\000G\000l\000o\000b\000a\000l\000\040\000R\000o\000t\000a\000t\000i\000o\000n}{part.4}% 54
\BOOKMARK [2][-]{subsection.E.1}{\376\377\000D\000e\000r\000i\000v\000a\000t\000i\000o\000n\000\040\000o\000f\000\040\000t\000h\000e\000\040\000R\000o\000t\000a\000t\000i\000o\000n\000a\000l\000\040\000P\000e\000r\000i\000o\000d}{appendix.E}% 55
\BOOKMARK [2][-]{subsection.E.2}{\376\377\000C\000o\000n\000s\000i\000s\000t\000e\000n\000c\000y\000\040\000o\000f\000\040\000A\000n\000g\000u\000l\000a\000r\000\040\000V\000e\000l\000o\000c\000i\000t\000y\000\040\000E\000s\000t\000i\000m\000a\000t\000e\000s}{appendix.E}% 56
\BOOKMARK [2][-]{subsection.E.3}{\376\377\000H\000y\000d\000r\000o\000d\000y\000n\000a\000m\000i\000c\000a\000l\000\040\000A\000n\000a\000l\000o\000g\000y\000:\000\040\000D\000i\000f\000f\000e\000r\000e\000n\000t\000i\000a\000l\000\040\000R\000o\000t\000a\000t\000i\000o\000n}{appendix.E}% 57
\BOOKMARK [2][-]{subsection.E.4}{\376\377\000V\000i\000s\000c\000o\000s\000i\000t\000y\000,\000\040\000T\000e\000m\000p\000e\000r\000a\000t\000u\000r\000e\000,\000\040\000a\000n\000d\000\040\000F\000r\000a\000c\000t\000a\000l\000\040\000S\000c\000a\000l\000i\000n\000g}{appendix.E}% 58
\BOOKMARK [1][-]{appendix.F}{\376\377\000D\000e\000r\000i\000v\000e\000d\000\040\000P\000h\000y\000s\000i\000c\000a\000l\000\040\000P\000a\000r\000a\000m\000e\000t\000e\000r\000s\000\040\000o\000f\000\040\000t\000h\000e\000\040\000R\000o\000t\000a\000t\000i\000n\000g\000\040\000U\000n\000i\000v\000e\000r\000s\000e}{part.4}% 59
\BOOKMARK [2][-]{subsection.F.1}{\376\377\000M\000a\000s\000s\000\040\000a\000n\000d\000\040\000M\000o\000m\000e\000n\000t\000\040\000o\000f\000\040\000I\000n\000e\000r\000t\000i\000a}{appendix.F}% 60
\BOOKMARK [2][-]{subsection.F.2}{\376\377\000R\000o\000t\000a\000t\000i\000o\000n\000a\000l\000\040\000E\000n\000e\000r\000g\000y}{appendix.F}% 61
\BOOKMARK [2][-]{subsection.F.3}{\376\377\000D\000i\000m\000e\000n\000s\000i\000o\000n\000l\000e\000s\000s\000\040\000R\000o\000t\000a\000t\000i\000o\000n\000\040\000P\000a\000r\000a\000m\000e\000t\000e\000r}{appendix.F}% 62
\BOOKMARK [2][-]{subsection.F.4}{\376\377\000B\000a\000r\000y\000o\000n\000i\000c\000\040\000M\000a\000s\000s\000\040\000H\000i\000e\000r\000a\000r\000c\000h\000y\000\040\000a\000n\000d\000\040\000t\000h\000e\000\040\000A\000l\000g\000e\000b\000r\000a\000i\000c\000\040\000L\000o\000o\000p}{appendix.F}% 63
\BOOKMARK [1][-]{appendix.G}{\376\377\000M\000a\000t\000h\000e\000m\000a\000t\000i\000c\000a\000l\000\040\000D\000e\000r\000i\000v\000a\000t\000i\000o\000n\000\040\000o\000f\000\040\000t\000h\000e\000\040\000R\000o\000t\000a\000t\000i\000o\000n\040\023\000Y\000U\000C\000T\000\040\000C\000o\000n\000n\000e\000c\000t\000i\000o\000n}{part.4}% 64
\BOOKMARK [2][-]{subsection.G.1}{\376\377\000T\000h\000e\000\040\000F\000u\000n\000d\000a\000m\000e\000n\000t\000a\000l\000\040\000R\000e\000l\000a\000t\000i\000o\000n\000:\000\040\000r\000o\000t\000\040\000f\000r\000o\000m\000\040\000t\000h\000e\000\040\000A\000l\000g\000e\000b\000r\000a\000i\000c\000\040\000L\000o\000o\000p}{appendix.G}% 65
\BOOKMARK [2][-]{subsection.G.2}{\376\377\000D\000e\000r\000i\000v\000a\000t\000i\000o\000n\000\040\000o\000f\000\040\000H\0000\000\040\000=\000\040}{appendix.G}% 66
\BOOKMARK [2][-]{subsection.G.3}{\376\377\000H\000y\000d\000r\000o\000d\000y\000n\000a\000m\000i\000c\000\040\000I\000n\000t\000e\000r\000p\000r\000e\000t\000a\000t\000i\000o\000n\000:\000\040\000V\000o\000r\000t\000i\000c\000i\000t\000y\000\040\000a\000s\000\040\000a\000\040\000C\000o\000o\000r\000d\000i\000n\000a\000t\000i\000o\000n\000\040\000D\000e\000f\000e\000c\000t}{appendix.G}% 67
\BOOKMARK [2][-]{subsection.G.4}{\376\377\000T\000u\000r\000b\000u\000l\000e\000n\000c\000e\000,\000\040\000C\000h\000a\000o\000s\000,\000\040\000a\000n\000d\000\040\000t\000h\000e\000\040\000F\000e\000i\000g\000e\000n\000b\000a\000u\000m\000\040\000C\000o\000n\000n\000e\000c\000t\000i\000o\000n}{appendix.G}% 68
\BOOKMARK [2][-]{subsection.G.5}{\376\377\000T\000h\000e\000\040\000V\000i\000s\000c\000o\000s\000i\000t\000y\040\023\000T\000e\000m\000p\000e\000r\000a\000t\000u\000r\000e\040\023\000F\000r\000a\000c\000t\000a\000l\000\040\000S\000c\000a\000l\000i\000n\000g\000\040\000T\000r\000i\000a\000d}{appendix.G}% 69
\BOOKMARK [2][-]{subsection.G.6}{\376\377\000S\000u\000m\000m\000a\000r\000y\000\040\000o\000f\000\040\000M\000a\000t\000h\000e\000m\000a\000t\000i\000c\000a\000l\000\040\000D\000e\000r\000i\000v\000a\000t\000i\000o\000n\000s}{appendix.G}% 70
\BOOKMARK [2][-]{subsection.G.7}{\376\377\000V\000i\000s\000u\000a\000l\000i\000z\000a\000t\000i\000o\000n\000\040\000a\000n\000d\000\040\000U\000n\000i\000f\000i\000e\000d\000\040\000P\000r\000o\000o\000f\000\040\000A\000r\000c\000h\000i\000t\000e\000c\000t\000u\000r\000e}{appendix.G}% 71
\BOOKMARK [1][-]{appendix.H}{\376\377\000C\000o\000n\000n\000e\000c\000t\000i\000o\000n\000\040\000t\000o\000\040\000t\000h\000e\000\040\000U\000n\000i\000v\000e\000r\000s\000a\000l\000\040\000E\000x\000p\000o\000n\000e\000n\000t\000\040\000=\000\040\0000\000.\0006\0007}{part.4}% 72
\BOOKMARK [1][-]{appendix.I}{\376\377\000P\000r\000o\000p\000o\000s\000e\000d\000\040\000O\000b\000s\000e\000r\000v\000a\000t\000i\000o\000n\000a\000l\000\040\000T\000e\000s\000t\000s\000\040\000w\000i\000t\000h\000\040\000P\000u\000b\000l\000i\000c\000\040\000D\000a\000t\000a}{part.4}% 73
\BOOKMARK [2][-]{subsection.I.1}{\376\377\000T\000e\000s\000t\000\040\000w\000i\000t\000h\000\040\000R\000e\000d\000\040\000D\000w\000a\000r\000f\000s\000\040\000f\000r\000o\000m\000\040\000G\000a\000i\000a\000\040\000D\000R\0003}{appendix.I}% 74
\BOOKMARK [2][-]{subsection.I.2}{\376\377\000T\000e\000s\000t\000\040\000w\000i\000t\000h\000\040\000W\000h\000i\000t\000e\000\040\000D\000w\000a\000r\000f\000s\000\040\000f\000r\000o\000m\000\040\000S\000D\000S\000S}{appendix.I}% 75
\BOOKMARK [2][-]{subsection.I.3}{\376\377\000T\000e\000s\000t\000\040\000w\000i\000t\000h\000\040\000G\000a\000l\000a\000x\000y\000\040\000P\000e\000c\000u\000l\000i\000a\000r\000\040\000V\000e\000l\000o\000c\000i\000t\000i\000e\000s\000\040\000\050\000C\000o\000s\000m\000i\000c\000F\000l\000o\000w\000s\000-\0004\000\051}{appendix.I}% 76
\BOOKMARK [2][-]{subsection.I.4}{\376\377\000T\000e\000s\000t\000\040\000w\000i\000t\000h\000\040\000Q\000u\000a\000s\000a\000r\000\040\000R\000e\000d\000s\000h\000i\000f\000t\000\040\000D\000i\000p\000o\000l\000e\000\040\000\050\000Q\000u\000a\000i\000a\000\051}{appendix.I}% 77
\BOOKMARK [2][-]{subsection.I.5}{\376\377\000C\000a\000l\000l\000\040\000f\000o\000r\000\040\000S\000t\000u\000d\000e\000n\000t\000\040\000P\000a\000r\000t\000i\000c\000i\000p\000a\000t\000i\000o\000n}{appendix.I}% 78
\BOOKMARK [2][-]{subsection.I.6}{\376\377\000S\000u\000m\000m\000a\000r\000y}{appendix.I}% 79
\BOOKMARK [1][-]{appendix.J}{\376\377\000C\000o\000l\000o\000r\000\040\000A\000n\000i\000s\000o\000t\000r\000o\000p\000y\000\040\000a\000s\000\040\000a\000\040\000T\000e\000s\000t\000\040\000o\000f\000\040\000R\000o\000t\000a\000t\000i\000o\000n\000a\000l\000\040\000H\000y\000p\000o\000t\000h\000e\000s\000i\000s}{part.4}% 80
\BOOKMARK [2][-]{subsection.J.1}{\376\377\000C\000o\000l\000o\000r\000\040\000S\000c\000a\000l\000i\000n\000g\000\040\000a\000s\000\040\000a\000\040\000T\000e\000s\000t\000\040\000o\000f\000\040\000t\000h\000e\000\040\000U\000n\000i\000v\000e\000r\000s\000a\000l\000\040\000E\000x\000p\000o\000n\000e\000n\000t}{appendix.J}% 81
\BOOKMARK [3][-]{subsubsection.J.1.1}{\376\377\000D\000a\000t\000a\000\040\000a\000n\000d\000\040\000M\000e\000t\000h\000o\000d\000o\000l\000o\000g\000y}{subsection.J.1}% 82
\BOOKMARK [3][-]{subsubsection.J.1.2}{\376\377\000C\000o\000n\000n\000e\000c\000t\000i\000o\000n\000\040\000t\000o\000\040\000P\000h\000a\000s\000e\000\040\000T\000r\000a\000n\000s\000i\000t\000i\000o\000n\000s}{subsection.J.1}% 83
\BOOKMARK [2][-]{subsection.J.2}{\376\377\000T\000h\000e\000o\000r\000e\000t\000i\000c\000a\000l\000\040\000S\000c\000a\000l\000i\000n\000g}{appendix.J}% 84
\BOOKMARK [2][-]{subsection.J.3}{\376\377\000O\000b\000s\000e\000r\000v\000a\000t\000i\000o\000n\000a\000l\000\040\000T\000e\000s\000t\000\040\000w\000i\000t\000h\000\040\000P\000A\000U\000S\000\040\000D\000a\000t\000a}{appendix.J}% 85
\BOOKMARK [2][-]{subsection.J.4}{\376\377\000E\000x\000p\000e\000c\000t\000e\000d\000\040\000R\000e\000s\000u\000l\000t\000s}{appendix.J}% 86
\BOOKMARK [1][-]{appendix.K}{\376\377\000C\000o\000n\000c\000l\000u\000s\000i\000o\000n\000\040\000o\000f\000\040\000P\000a\000r\000t\000\040\000I\000V}{part.4}% 87
\BOOKMARK [2][-]{subsection.K.1}{\376\377\000B\000a\000y\000e\000s\000i\000a\000n\000\040\000E\000v\000i\000d\000e\000n\000c\000e\000\040\000S\000y\000n\000t\000h\000e\000s\000i\000s\000:\000\040\000Q\000u\000a\000n\000t\000i\000f\000y\000i\000n\000g\000\040\000t\000h\000e\000\040\000C\000o\000n\000s\000i\000l\000i\000e\000n\000c\000e}{appendix.K}% 88
\BOOKMARK [0][-]{part.5}{\376\377\000V\000\040\000E\000m\000p\000i\000r\000i\000c\000a\000l\000\040\000V\000a\000l\000i\000d\000a\000t\000i\000o\000n\000\040\000o\000f\000\040\000t\000h\000e\000\040\000U\000n\000i\000v\000e\000r\000s\000a\000l\000\040\000E\000x\000p\000o\000n\000e\000n\000t\000\040\000=\000\040\0002\000/\0003}{}% 89
\BOOKMARK [1][-]{appendix.L}{\376\377\000I\000n\000t\000r\000o\000d\000u\000c\000t\000i\000o\000n\000\040\000t\000o\000\040\000t\000h\000e\000\040\000E\000m\000p\000i\000r\000i\000c\000a\000l\000\040\000E\000v\000i\000d\000e\000n\000c\000e}{part.5}% 90
\BOOKMARK [1][-]{appendix.M}{\376\377\000C\000o\000m\000p\000i\000l\000a\000t\000i\000o\000n\000\040\000o\000f\000\040\000E\000m\000p\000i\000r\000i\000c\000a\000l\000\040\000D\000e\000t\000e\000r\000m\000i\000n\000a\000t\000i\000o\000n\000s\000\040\000o\000f\000\040}{part.5}% 91
\BOOKMARK [1][-]{appendix.N}{\376\377\000S\000t\000a\000t\000i\000s\000t\000i\000c\000a\000l\000\040\000S\000i\000g\000n\000i\000f\000i\000c\000a\000n\000c\000e\000\040\000o\000f\000\040\000t\000h\000e\000\040\000C\000o\000m\000b\000i\000n\000e\000d\000\040\000E\000v\000i\000d\000e\000n\000c\000e}{part.5}% 92
\BOOKMARK [1][-]{appendix.O}{\376\377\000I\000m\000p\000l\000i\000c\000a\000t\000i\000o\000n\000s\000\040\000f\000o\000r\000\040\000t\000h\000e\000\040\000U\000n\000i\000v\000e\000r\000s\000a\000l\000\040\000S\000c\000a\000l\000i\000n\000g\000\040\000L\000a\000w}{part.5}% 93
\BOOKMARK [0][-]{part.6}{\376\377\000V\000I\000\040\000O\000v\000e\000r\000a\000l\000l\000\040\000D\000i\000s\000c\000u\000s\000s\000i\000o\000n\000\040\000a\000n\000d\000\040\000C\000o\000n\000c\000l\000u\000s\000i\000o\000n}{}% 94
